<?xml version="1.0" encoding="UTF-8"?>
<!-- Generated by org.testng.reporters.JUnitXMLReporter -->
<testsuite hostname="Sai-PC" name="On Firefox" tests="5" failures="0" timestamp="16 May 2017 03:03:17 GMT" time="31.338" errors="0">
  <testcase name="loginTest" time="24.743" classname="day26.testsuite.Login"/>
  <testcase name="findFlightTest" time="1.794" classname="day26.testsuite.FindAFlight"/>
  <testcase name="selectFlightTest" time="2.582" classname="day26.testsuite.SelectAFlight"/>
  <testcase name="bookaFlightTest" time="1.969" classname="day26.testsuite.BookAFlight"/>
  <testcase name="flightConfirmTest" time="0.127" classname="day26.testsuite.FlightConfirmation"/>
</testsuite> <!-- On Firefox -->
