<?xml version="1.0" encoding="UTF-8"?>
<!-- Generated by org.testng.reporters.JUnitXMLReporter -->
<testsuite hostname="Sai-PC" name="On Firefox" tests="1" failures="1" timestamp="29 Dec 2016 05:46:44 GMT" time="48.221" errors="0">
  <testcase name="dropdownTest" time="48.16" classname="day36.DropdownOnGrid">
    <failure type="org.openqa.selenium.WebDriverException" message="Unable to connect to host 127.0.0.1 on port 7055 after 45000 ms. Firefox console output:
54195207,&amp;quot;updateDate&amp;quot;:1480554195207,&amp;quot;applyBackgroundUpdates&amp;quot;:1,&amp;quot;skinnable&amp;quot;:true,&amp;quot;size&amp;quot;:24166,&amp;quot;sourceURI&amp;quot;:null,&amp;quot;releaseNotesURI&amp;quot;:null,&amp;quot;softDisabled&amp;quot;:false,&amp;quot;foreignInstall&amp;quot;:false,&amp;quot;hasBinaryComponents&amp;quot;:false,&amp;quot;strictCompatibility&amp;quot;:true,&amp;quot;locales&amp;quot;:[],&amp;quot;targetApplications&amp;quot;:[{&amp;quot;id&amp;quot;:&amp;quot;{ec8030f7-c20a-464f-9b0e-13a3a9e97384}&amp;quot;,&amp;quot;minVersion&amp;quot;:&amp;quot;44.0&amp;quot;,&amp;quot;maxVersion&amp;quot;:&amp;quot;44.0&amp;quot;}],&amp;quot;targetPlatforms&amp;quot;:[]}
1482990358374	addons.xpi	DEBUG	getModTime: Recursive scan of {972ce4c6-7e08-4474-a285-3208198ce6fd}
1482990358376	DeferredSave.extensions.json	DEBUG	Save changes
1482990358376	addons.xpi	DEBUG	Updating database with changes to installed add-ons
1482990358376	addons.xpi-utils	DEBUG	Updating add-on states
1482990358377	addons.xpi-utils	DEBUG	Writing add-ons list
1482990358379	addons.xpi-utils	ERROR	Failed to write add-ons list to profile directory: [Exception... &amp;quot;Component returned failure code: 0x8052000e (NS_ERROR_FILE_IS_LOCKED) [nsIFile.moveTo]&amp;quot;  nsresult: &amp;quot;0x8052000e (NS_ERROR_FILE_IS_LOCKED)&amp;quot;  location: &amp;quot;JS frame :: resource://gre/modules/addons/XPIProvider.jsm -&amp;gt; resource://gre/modules/addons/XPIProviderUtils.js :: XPIDB_writeAddonsList :: line 1497&amp;quot;  data: no] Stack trace: XPIDB_writeAddonsList()@resource://gre/modules/addons/XPIProvider.jsm -&amp;gt; resource://gre/modules/addons/XPIProviderUtils.js:1497 &amp;lt; XPI_checkForChanges()@resource://gre/modules/addons/XPIProvider.jsm:3626 &amp;lt; XPI_startup()@resource://gre/modules/addons/XPIProvider.jsm:2608 &amp;lt; callProvider()@resource://gre/modules/AddonManager.jsm:221 &amp;lt; _startProvider()@resource://gre/modules/AddonManager.jsm:828 &amp;lt; AMI_startup()@resource://gre/modules/AddonManager.jsm:1006 &amp;lt; AMP_startup()@resource://gre/modules/AddonManager.jsm:2758 &amp;lt; AMC_observe()@resource://gre/components/addonManager.js:58
1482990358398	addons.manager	DEBUG	Registering shutdown blocker for XPIProvider
1482990358398	addons.manager	DEBUG	Provider finished startup: XPIProvider
1482990358398	addons.manager	DEBUG	Starting provider: LightweightThemeManager
1482990358398	addons.manager	DEBUG	Registering shutdown blocker for LightweightThemeManager
1482990358398	addons.manager	DEBUG	Provider finished startup: LightweightThemeManager
1482990358399	addons.manager	DEBUG	Starting provider: GMPProvider
1482990358406	addons.manager	DEBUG	Registering shutdown blocker for GMPProvider
1482990358407	addons.manager	DEBUG	Provider finished startup: GMPProvider
1482990358407	addons.manager	DEBUG	Starting provider: PluginProvider
1482990358407	addons.manager	DEBUG	Registering shutdown blocker for PluginProvider
1482990358407	addons.manager	DEBUG	Provider finished startup: PluginProvider
1482990358408	addons.manager	DEBUG	Completed startup sequence
Crash Annotation GraphicsCriticalError: |[0][GFX1-]: PossiblyBrokenSurfaceSharing_UnexpectedAMDGPU[GFX1-]: PossiblyBrokenSurfaceSharing_UnexpectedAMDGPU
Crash Annotation GraphicsCriticalError: |[0][GFX1-]: PossiblyBrokenSurfaceSharing_UnexpectedAMDGPU|[1][GFX1-]: PossiblyBrokenSurfaceSharing_UnexpectedAMDGPU[GFX1-]: PossiblyBrokenSurfaceSharing_UnexpectedAMDGPU
1482990360235	addons.manager	DEBUG	Starting provider: &amp;lt;unnamed-provider&amp;gt;
1482990360235	addons.manager	DEBUG	Registering shutdown blocker for &amp;lt;unnamed-provider&amp;gt;
1482990360235	addons.manager	DEBUG	Provider finished startup: &amp;lt;unnamed-provider&amp;gt;
1482990361440	DeferredSave.extensions.json	DEBUG	Starting write
1482990362361	addons.repository	DEBUG	No addons.json found.
1482990362361	DeferredSave.addons.json	DEBUG	Save changes
1482990362364	DeferredSave.addons.json	DEBUG	Starting timer
1482990362384	addons.manager	DEBUG	Starting provider: PreviousExperimentProvider
1482990362384	addons.manager	DEBUG	Registering shutdown blocker for PreviousExperimentProvider
1482990362384	addons.manager	DEBUG	Provider finished startup: PreviousExperimentProvider
1482990362387	DeferredSave.extensions.json	DEBUG	Write succeeded
1482990362387	addons.xpi-utils	DEBUG	XPI Database saved, setting schema version preference to 17
1482990362417	DeferredSave.addons.json	DEBUG	Starting write
1482990362915	DeferredSave.addons.json	DEBUG	Write succeeded

Command duration or timeout: 46.55 seconds
Build info: version: &amp;apos;2.53.0&amp;apos;, revision: &amp;apos;35ae25b&amp;apos;, time: &amp;apos;2016-03-15 17:00:58&amp;apos;
System info: host: &amp;apos;Sai-PC&amp;apos;, ip: &amp;apos;169.254.209.217&amp;apos;, os.name: &amp;apos;Windows 7&amp;apos;, os.arch: &amp;apos;amd64&amp;apos;, os.version: &amp;apos;6.1&amp;apos;, java.version: &amp;apos;1.7.0_79&amp;apos;
Driver info: org.openqa.selenium.remote.RemoteWebDriver">
      <![CDATA[org.openqa.selenium.WebDriverException: Unable to connect to host 127.0.0.1 on port 7055 after 45000 ms. Firefox console output:
54195207,"updateDate":1480554195207,"applyBackgroundUpdates":1,"skinnable":true,"size":24166,"sourceURI":null,"releaseNotesURI":null,"softDisabled":false,"foreignInstall":false,"hasBinaryComponents":false,"strictCompatibility":true,"locales":[],"targetApplications":[{"id":"{ec8030f7-c20a-464f-9b0e-13a3a9e97384}","minVersion":"44.0","maxVersion":"44.0"}],"targetPlatforms":[]}
1482990358374	addons.xpi	DEBUG	getModTime: Recursive scan of {972ce4c6-7e08-4474-a285-3208198ce6fd}
1482990358376	DeferredSave.extensions.json	DEBUG	Save changes
1482990358376	addons.xpi	DEBUG	Updating database with changes to installed add-ons
1482990358376	addons.xpi-utils	DEBUG	Updating add-on states
1482990358377	addons.xpi-utils	DEBUG	Writing add-ons list
1482990358379	addons.xpi-utils	ERROR	Failed to write add-ons list to profile directory: [Exception... "Component returned failure code: 0x8052000e (NS_ERROR_FILE_IS_LOCKED) [nsIFile.moveTo]"  nsresult: "0x8052000e (NS_ERROR_FILE_IS_LOCKED)"  location: "JS frame :: resource://gre/modules/addons/XPIProvider.jsm -> resource://gre/modules/addons/XPIProviderUtils.js :: XPIDB_writeAddonsList :: line 1497"  data: no] Stack trace: XPIDB_writeAddonsList()@resource://gre/modules/addons/XPIProvider.jsm -> resource://gre/modules/addons/XPIProviderUtils.js:1497 < XPI_checkForChanges()@resource://gre/modules/addons/XPIProvider.jsm:3626 < XPI_startup()@resource://gre/modules/addons/XPIProvider.jsm:2608 < callProvider()@resource://gre/modules/AddonManager.jsm:221 < _startProvider()@resource://gre/modules/AddonManager.jsm:828 < AMI_startup()@resource://gre/modules/AddonManager.jsm:1006 < AMP_startup()@resource://gre/modules/AddonManager.jsm:2758 < AMC_observe()@resource://gre/components/addonManager.js:58
1482990358398	addons.manager	DEBUG	Registering shutdown blocker for XPIProvider
1482990358398	addons.manager	DEBUG	Provider finished startup: XPIProvider
1482990358398	addons.manager	DEBUG	Starting provider: LightweightThemeManager
1482990358398	addons.manager	DEBUG	Registering shutdown blocker for LightweightThemeManager
1482990358398	addons.manager	DEBUG	Provider finished startup: LightweightThemeManager
1482990358399	addons.manager	DEBUG	Starting provider: GMPProvider
1482990358406	addons.manager	DEBUG	Registering shutdown blocker for GMPProvider
1482990358407	addons.manager	DEBUG	Provider finished startup: GMPProvider
1482990358407	addons.manager	DEBUG	Starting provider: PluginProvider
1482990358407	addons.manager	DEBUG	Registering shutdown blocker for PluginProvider
1482990358407	addons.manager	DEBUG	Provider finished startup: PluginProvider
1482990358408	addons.manager	DEBUG	Completed startup sequence
Crash Annotation GraphicsCriticalError: |[0][GFX1-]: PossiblyBrokenSurfaceSharing_UnexpectedAMDGPU[GFX1-]: PossiblyBrokenSurfaceSharing_UnexpectedAMDGPU
Crash Annotation GraphicsCriticalError: |[0][GFX1-]: PossiblyBrokenSurfaceSharing_UnexpectedAMDGPU|[1][GFX1-]: PossiblyBrokenSurfaceSharing_UnexpectedAMDGPU[GFX1-]: PossiblyBrokenSurfaceSharing_UnexpectedAMDGPU
1482990360235	addons.manager	DEBUG	Starting provider: <unnamed-provider>
1482990360235	addons.manager	DEBUG	Registering shutdown blocker for <unnamed-provider>
1482990360235	addons.manager	DEBUG	Provider finished startup: <unnamed-provider>
1482990361440	DeferredSave.extensions.json	DEBUG	Starting write
1482990362361	addons.repository	DEBUG	No addons.json found.
1482990362361	DeferredSave.addons.json	DEBUG	Save changes
1482990362364	DeferredSave.addons.json	DEBUG	Starting timer
1482990362384	addons.manager	DEBUG	Starting provider: PreviousExperimentProvider
1482990362384	addons.manager	DEBUG	Registering shutdown blocker for PreviousExperimentProvider
1482990362384	addons.manager	DEBUG	Provider finished startup: PreviousExperimentProvider
1482990362387	DeferredSave.extensions.json	DEBUG	Write succeeded
1482990362387	addons.xpi-utils	DEBUG	XPI Database saved, setting schema version preference to 17
1482990362417	DeferredSave.addons.json	DEBUG	Starting write
1482990362915	DeferredSave.addons.json	DEBUG	Write succeeded

Command duration or timeout: 46.55 seconds
Build info: version: '2.53.0', revision: '35ae25b', time: '2016-03-15 17:00:58'
System info: host: 'Sai-PC', ip: '169.254.209.217', os.name: 'Windows 7', os.arch: 'amd64', os.version: '6.1', java.version: '1.7.0_79'
Driver info: org.openqa.selenium.remote.RemoteWebDriver
	at org.openqa.selenium.remote.ErrorHandler.createThrowable(ErrorHandler.java:206)
	at org.openqa.selenium.remote.ErrorHandler.throwIfResponseFailed(ErrorHandler.java:158)
	at org.openqa.selenium.remote.RemoteWebDriver.execute(RemoteWebDriver.java:678)
	at org.openqa.selenium.remote.RemoteWebDriver.startSession(RemoteWebDriver.java:249)
	at org.openqa.selenium.remote.RemoteWebDriver.<init>(RemoteWebDriver.java:131)
	at org.openqa.selenium.remote.RemoteWebDriver.<init>(RemoteWebDriver.java:158)
	at day36.DropdownOnGrid.dropdownTest(DropdownOnGrid.java:40)
	at java.util.concurrent.FutureTask.run(Unknown Source)
	at java.util.concurrent.ThreadPoolExecutor.runWorker(Unknown Source)
	at java.util.concurrent.ThreadPoolExecutor$Worker.run(Unknown Source)
	at java.lang.Thread.run(Unknown Source)
Caused by: org.openqa.selenium.remote.ErrorHandler$UnknownServerException: Unable to connect to host 127.0.0.1 on port 7055 after 45000 ms. Firefox console output:
54195207,"updateDate":1480554195207,"applyBackgroundUpdates":1,"skinnable":true,"size":24166,"sourceURI":null,"releaseNotesURI":null,"softDisabled":false,"foreignInstall":false,"hasBinaryComponents":false,"strictCompatibility":true,"locales":[],"targetApplications":[{"id":"{ec8030f7-c20a-464f-9b0e-13a3a9e97384}","minVersion":"44.0","maxVersion":"44.0"}],"targetPlatforms":[]}
1482990358374	addons.xpi	DEBUG	getModTime: Recursive scan of {972ce4c6-7e08-4474-a285-3208198ce6fd}
1482990358376	DeferredSave.extensions.json	DEBUG	Save changes
1482990358376	addons.xpi	DEBUG	Updating database with changes to installed add-ons
1482990358376	addons.xpi-utils	DEBUG	Updating add-on states
1482990358377	addons.xpi-utils	DEBUG	Writing add-ons list
1482990358379	addons.xpi-utils	ERROR	Failed to write add-ons list to profile directory: [Exception... "Component returned failure code: 0x8052000e (NS_ERROR_FILE_IS_LOCKED) [nsIFile.moveTo]"  nsresult: "0x8052000e (NS_ERROR_FILE_IS_LOCKED)"  location: "JS frame :: resource://gre/modules/addons/XPIProvider.jsm -> resource://gre/modules/addons/XPIProviderUtils.js :: XPIDB_writeAddonsList :: line 1497"  data: no] Stack trace: XPIDB_writeAddonsList()@resource://gre/modules/addons/XPIProvider.jsm -> resource://gre/modules/addons/XPIProviderUtils.js:1497 < XPI_checkForChanges()@resource://gre/modules/addons/XPIProvider.jsm:3626 < XPI_startup()@resource://gre/modules/addons/XPIProvider.jsm:2608 < callProvider()@resource://gre/modules/AddonManager.jsm:221 < _startProvider()@resource://gre/modules/AddonManager.jsm:828 < AMI_startup()@resource://gre/modules/AddonManager.jsm:1006 < AMP_startup()@resource://gre/modules/AddonManager.jsm:2758 < AMC_observe()@resource://gre/components/addonManager.js:58
1482990358398	addons.manager	DEBUG	Registering shutdown blocker for XPIProvider
1482990358398	addons.manager	DEBUG	Provider finished startup: XPIProvider
1482990358398	addons.manager	DEBUG	Starting provider: LightweightThemeManager
1482990358398	addons.manager	DEBUG	Registering shutdown blocker for LightweightThemeManager
1482990358398	addons.manager	DEBUG	Provider finished startup: LightweightThemeManager
1482990358399	addons.manager	DEBUG	Starting provider: GMPProvider
1482990358406	addons.manager	DEBUG	Registering shutdown blocker for GMPProvider
1482990358407	addons.manager	DEBUG	Provider finished startup: GMPProvider
1482990358407	addons.manager	DEBUG	Starting provider: PluginProvider
1482990358407	addons.manager	DEBUG	Registering shutdown blocker for PluginProvider
1482990358407	addons.manager	DEBUG	Provider finished startup: PluginProvider
1482990358408	addons.manager	DEBUG	Completed startup sequence
Crash Annotation GraphicsCriticalError: |[0][GFX1-]: PossiblyBrokenSurfaceSharing_UnexpectedAMDGPU[GFX1-]: PossiblyBrokenSurfaceSharing_UnexpectedAMDGPU
Crash Annotation GraphicsCriticalError: |[0][GFX1-]: PossiblyBrokenSurfaceSharing_UnexpectedAMDGPU|[1][GFX1-]: PossiblyBrokenSurfaceSharing_UnexpectedAMDGPU[GFX1-]: PossiblyBrokenSurfaceSharing_UnexpectedAMDGPU
1482990360235	addons.manager	DEBUG	Starting provider: <unnamed-provider>
1482990360235	addons.manager	DEBUG	Registering shutdown blocker for <unnamed-provider>
1482990360235	addons.manager	DEBUG	Provider finished startup: <unnamed-provider>
1482990361440	DeferredSave.extensions.json	DEBUG	Starting write
1482990362361	addons.repository	DEBUG	No addons.json found.
1482990362361	DeferredSave.addons.json	DEBUG	Save changes
1482990362364	DeferredSave.addons.json	DEBUG	Starting timer
1482990362384	addons.manager	DEBUG	Starting provider: PreviousExperimentProvider
1482990362384	addons.manager	DEBUG	Registering shutdown blocker for PreviousExperimentProvider
1482990362384	addons.manager	DEBUG	Provider finished startup: PreviousExperimentProvider
1482990362387	DeferredSave.extensions.json	DEBUG	Write succeeded
1482990362387	addons.xpi-utils	DEBUG	XPI Database saved, setting schema version preference to 17
1482990362417	DeferredSave.addons.json	DEBUG	Starting write
1482990362915	DeferredSave.addons.json	DEBUG	Write succeeded

Build info: version: '2.53.0', revision: '35ae25b', time: '2016-03-15 17:00:58'
System info: host: 'Sai-PC', ip: '169.254.209.217', os.name: 'Windows 7', os.arch: 'amd64', os.version: '6.1', java.version: '1.7.0_79'
Driver info: driver.version: FirefoxDriver
	at org.openqa.selenium.firefox.internal.NewProfileExtensionConnection.start(NewProfileExtensionConnection.java:112)
	at org.openqa.selenium.firefox.FirefoxDriver.startClient(FirefoxDriver.java:271)
	at org.openqa.selenium.remote.RemoteWebDriver.<init>(RemoteWebDriver.java:119)
	at org.openqa.selenium.firefox.FirefoxDriver.<init>(FirefoxDriver.java:218)
	at org.openqa.selenium.firefox.FirefoxDriver.<init>(FirefoxDriver.java:211)
	at org.openqa.selenium.firefox.FirefoxDriver.<init>(FirefoxDriver.java:129)
	at org.openqa.selenium.remote.server.FirefoxDriverProvider.callConstructor(FirefoxDriverProvider.java:91)
	at org.openqa.selenium.remote.server.FirefoxDriverProvider.newInstance(FirefoxDriverProvider.java:68)
	at org.openqa.selenium.remote.server.DefaultDriverFactory.newInstance(DefaultDriverFactory.java:60)
	at org.openqa.selenium.remote.server.DefaultSession$BrowserCreator.call(DefaultSession.java:222)
	at org.openqa.selenium.remote.server.DefaultSession$BrowserCreator.call(DefaultSession.java:1)
	at java.util.concurrent.FutureTask.run(Unknown Source)
	at org.openqa.selenium.remote.server.DefaultSession$1.run(DefaultSession.java:176)
	... 3 more
... Removed 24 stack frames]]>
    </failure>
  </testcase> <!-- dropdownTest -->
</testsuite> <!-- On Firefox -->
